<?xml version='1.0' encoding='UTF-8'?>
<testsuite hostname="Thomass-Mini.home" name="SimpleQueueSpec" tests="4" errors="0" failures="0" skipped="0" time="0.009" timestamp="2025-02-14T06:42:49">
          <properties>
[...]
</properties>
          <testcase classname="SimpleQueueSpec" name="A Queue should be empty when created" time="0.007">
                      
                    </testcase><testcase classname="SimpleQueueSpec" name="A Queue should allow enqueueing elements" time="0.0">
                      
                    </testcase><testcase classname="SimpleQueueSpec" name="A Queue should allow dequeueing elements" time="0.001">
                      
                    </testcase><testcase classname="SimpleQueueSpec" name="A Queue should return the correct size" time="0.001">
                      
                    </testcase>
          <system-out><![CDATA[]]></system-out>
          <system-err><![CDATA[]]></system-err>
        </testsuite>